<?xml version="1.0" encoding="UTF-8"?>
<!-- Generated by org.testng.reporters.JUnitReportReporter -->
<testsuite hostname="DESKTOP-2JPVAKH" failures="0" tests="4" name="api.test.UserTests" time="32.408" errors="0" timestamp="2024-12-14T10:00:37 IST" skipped="0">
  <testcase classname="api.test.UserTests" name="testPostUser" time="8.144"/>
  <testcase classname="api.test.UserTests" name="testGetUserByName" time="4.518"/>
  <testcase classname="api.test.UserTests" name="testUpdateUserByName" time="15.382"/>
  <testcase classname="api.test.UserTests" name="testDeleteUserByName" time="4.364"/>
</testsuite> <!-- api.test.UserTests -->
