<?xml version="1.0" encoding="UTF-8"?>
<!-- Generated by org.testng.reporters.JUnitReportReporter -->
<testsuite hostname="DESKTOP-2JPVAKH" failures="0" tests="4" name="api.test.UserTests2" time="11.967" errors="0" timestamp="2024-12-14T11:11:48 IST" skipped="0">
  <testcase classname="api.test.UserTests2" name="testPostUser" time="6.478"/>
  <testcase classname="api.test.UserTests2" name="testGetUserByName" time="1.255"/>
  <testcase classname="api.test.UserTests2" name="testUpdateUserByName" time="2.668"/>
  <testcase classname="api.test.UserTests2" name="testDeleteUserByName" time="1.566"/>
</testsuite> <!-- api.test.UserTests2 -->
