<?xml version="1.0" encoding="UTF-8"?>
<!-- Generated by org.testng.reporters.JUnitReportReporter -->
<testsuite hostname="DESKTOP-2JPVAKH" failures="0" tests="6" name="api.test.DDTests" time="10.707" errors="0" timestamp="2024-12-13T10:15:24 IST" skipped="0">
  <testcase classname="api.test.DDTests" name="testPostuser" time="4.430"/>
  <testcase classname="api.test.DDTests" name="testPostuser" time="1.178"/>
  <testcase classname="api.test.DDTests" name="testPostuser" time="1.175"/>
  <testcase classname="api.test.DDTests" name="testDeleteUserByName" time="1.150"/>
  <testcase classname="api.test.DDTests" name="testDeleteUserByName" time="1.611"/>
  <testcase classname="api.test.DDTests" name="testDeleteUserByName" time="1.163"/>
</testsuite> <!-- api.test.DDTests -->
