<?xml version="1.0" encoding="UTF-8"?>
<!-- Generated by org.testng.reporters.JUnitReportReporter -->
<testsuite hostname="DESKTOP-2JPVAKH" failures="0" tests="4" name="api.test.UserTests2" time="10.550" errors="0" timestamp="2024-12-15T11:46:27 IST" skipped="0">
  <testcase classname="api.test.UserTests2" name="testPostUser" time="5.201"/>
  <testcase classname="api.test.UserTests2" name="testGetUserByName" time="1.353"/>
  <testcase classname="api.test.UserTests2" name="testUpdateUserByName" time="2.768"/>
  <testcase classname="api.test.UserTests2" name="testDeleteUserByName" time="1.228"/>
</testsuite> <!-- api.test.UserTests2 -->
